
-----------------------------------------------------------------------------
Status                        Initial             Final
-----------------------------------------------------------------------------
Time[s]                       0                   0.2
Length[m]                     0                   1.4063e-05
T[K]                          1150.937            1333.237
P[atm]                        1.00000             1.00000
V[m3]                         0.00007             0.00008
rho[kg/m3]                    0.25739             0.25739
MW[kg/kmol]                   28.19154            28.15876
Phi[-]                        0.61201             0.61201
H[J/kg]                       9.583526e+05        9.583526e+05
U[J/kg]                       6.189095e+05        5.646864e+05
E[J/kg]                       9.583526e+05        9.583526e+05
Conv.(%) N2                   0.000e+00           0.000e+00
Conv.(%) O2                   0.000e+00           6.112e+01
Conv.(%) C5H6                 0.000e+00           1.000e+02
Conv.(%) CYC5H8               0.000e+00           1.000e+02
Total species (kmol/m2/s)     7.226222e-07        7.234635e-07
Element(kmol/m2/s) C          7.974353e-09        7.974353e-09
Element(kmol/m2/s) H          9.593879e-09        9.593879e-09
Element(kmol/m2/s) O          3.389743e-08        3.389743e-08
Element(kmol/m2/s) N          1.408157e-06        1.408157e-06
-----------------------------------------------------------------------------

-----------------------------------------------------------------------------
Mass fractions                Initial             Final
-----------------------------------------------------------------------------
AR                            0.000000e+00        9.240217e-21
N2                            9.682024e-01        9.682024e-01
HE                            0.000000e+00        7.736589e-22
H2                            0.000000e+00        3.368086e-07
H                             0.000000e+00        5.484592e-08
O2                            2.662132e-02        1.035071e-02
O                             0.000000e+00        6.733678e-06
H2O                           0.000000e+00        4.225008e-03
OH                            0.000000e+00        2.487493e-05
H2O2                          0.000000e+00        1.740846e-08
HO2                           0.000000e+00        3.452321e-07
CO                            0.000000e+00        6.483399e-05
CO2                           0.000000e+00        1.712445e-02
HOCO                          0.000000e+00        5.738780e-12
CH4                           0.000000e+00        3.781879e-12
CH3                           0.000000e+00        1.308714e-11
CH2                           0.000000e+00        2.209242e-13
CH2(S)                        0.000000e+00        3.704073e-15
C                             0.000000e+00        1.119648e-18
CH                            0.000000e+00        2.285498e-16
CH3O2H                        0.000000e+00        1.256525e-19
CH3O2                         0.000000e+00        5.803067e-15
CH3OH                         0.000000e+00        1.214016e-11
CH3O                          0.000000e+00        1.222894e-15
CH2OH                         0.000000e+00        3.805057e-14
CH2O                          0.000000e+00        7.601835e-11
HCO                           0.000000e+00        7.766358e-13
HO2CHO                        0.000000e+00        5.798098e-18
HOCHO                         0.000000e+00        1.078515e-12
OCHO                          0.000000e+00        1.880133e-14
C2H6                          0.000000e+00        1.793168e-14
C2H5                          0.000000e+00        5.919849e-15
C2H5O2H                       0.000000e+00        3.486103e-23
C2H5O2                        0.000000e+00        5.119356e-18
C2H4                          0.000000e+00        4.316604e-11
C2H3                          0.000000e+00        5.312729e-13
C2H2                          0.000000e+00        7.210601e-10
C2H                           0.000000e+00        1.864445e-15
C2H5OH                        0.000000e+00        1.336544e-14
C2H5O                         0.000000e+00        1.056748e-21
PC2H4OH                       0.000000e+00        3.099276e-16
SC2H4OH                       0.000000e+00        5.562457e-19
C2H4O2H                       0.000000e+00        4.073069e-22
C2H4O1-2                      0.000000e+00        1.263447e-15
C2H3O1-2                      0.000000e+00        3.097318e-21
CH3CHO                        0.000000e+00        5.471208e-12
CH3CO                         0.000000e+00        1.204080e-15
CH2CHO                        0.000000e+00        1.625338e-13
CH2CO                         0.000000e+00        3.735358e-11
HCCO                          0.000000e+00        1.024555e-11
CH3CO3                        0.000000e+00        9.194354e-18
CH3CO3H                       0.000000e+00        6.966687e-26
CH2OHCHO                      0.000000e+00        2.655197e-20
CHOCHO                        0.000000e+00        1.071198e-13
O2C2H4O2H                     0.000000e+00        2.249355e-24
HO2CH2CHO                     0.000000e+00        9.811438e-25
CH3OCHO                       0.000000e+00        1.362360e-21
CH3OCO                        0.000000e+00        5.484181e-22
C3H8                          0.000000e+00        0.000000e+00
IC3H7                         0.000000e+00        0.000000e+00
NC3H7                         0.000000e+00        0.000000e+00
C3H6                          0.000000e+00        7.285062e-15
C3H5-A                        0.000000e+00        8.380959e-12
C3H5-S                        0.000000e+00        1.631131e-18
C3H5-T                        0.000000e+00        0.000000e+00
C3H5O                         0.000000e+00        1.454729e-19
C3H6O                         0.000000e+00        7.777435e-15
CH3CHCHO                      0.000000e+00        5.411604e-21
AC4H7OOH                      0.000000e+00        0.000000e+00
CH3CHCO                       0.000000e+00        2.249952e-16
AC3H5OOH                      0.000000e+00        2.999966e-20
C3H6OH1-2                     0.000000e+00        6.997428e-21
C3H6OH2-1                     0.000000e+00        1.793406e-21
HOC3H6O2                      0.000000e+00        1.510902e-25
SC3H5OH                       0.000000e+00        3.849325e-13
C3H5OH                        0.000000e+00        8.849772e-12
CH2CCH2OH                     0.000000e+00        5.241970e-18
C3H4-P                        0.000000e+00        3.940742e-12
C3H4-A                        0.000000e+00        1.037475e-11
C3H3                          0.000000e+00        4.475596e-12
C3H2                          0.000000e+00        5.521696e-14
C2H5CHO                       0.000000e+00        2.836059e-12
CH2CH2CHO                     0.000000e+00        4.863840e-21
RALD3                         0.000000e+00        2.128775e-16
C2H3CHO                       0.000000e+00        1.797012e-11
CH3COCH3                      0.000000e+00        3.052909e-13
CH3COCH2                      0.000000e+00        2.718741e-18
NC4H10                        0.000000e+00        0.000000e+00
PC4H9                         0.000000e+00        0.000000e+00
SC4H9                         0.000000e+00        5.248342e-23
IC4H10                        0.000000e+00        0.000000e+00
IC4H9                         0.000000e+00        0.000000e+00
TC4H9                         0.000000e+00        0.000000e+00
IC4H8                         0.000000e+00        0.000000e+00
IC4H7                         0.000000e+00        1.905728e-20
IC4H7O                        0.000000e+00        2.211915e-27
C4H8-1                        0.000000e+00        0.000000e+00
C4H8-2                        0.000000e+00        6.136744e-18
C4H71-3                       0.000000e+00        4.443775e-17
C4H71-4                       0.000000e+00        1.955866e-19
C4H71-O                       0.000000e+00        2.208014e-27
C4H6                          0.000000e+00        8.228964e-14
C4H5                          0.000000e+00        5.162442e-13
C4H4                          0.000000e+00        1.090731e-11
C4H3                          0.000000e+00        2.500605e-14
C4H2                          0.000000e+00        1.726752e-11
C6H6                          0.000000e+00        4.325317e-13
FULVENE                       0.000000e+00        5.243162e-14
C6H5                          0.000000e+00        3.055025e-14
C5H6                          5.135071e-03        5.162900e-14
C5H5                          0.000000e+00        3.454790e-13
C5H5CH3                       0.000000e+00        2.155355e-16
C10H8                         0.000000e+00        1.704546e-12
C5H5OH                        0.000000e+00        8.143140e-14
C5H5O                         0.000000e+00        4.734431e-15
C5H4OH                        0.000000e+00        1.413573e-13
C5H4O                         0.000000e+00        4.197997e-10
DMF                           0.000000e+00        1.616033e-28
NC5H12                        0.000000e+00        1.553968e-29
NC5H11                        0.000000e+00        0.000000e+00
NEOC5H12                      0.000000e+00        0.000000e+00
NEOC5H11                      0.000000e+00        9.248200e-34
NC5H10                        0.000000e+00        0.000000e+00
NC5H9-3                       0.000000e+00        0.000000e+00
B1M2                          0.000000e+00        0.000000e+00
B1M3                          0.000000e+00        4.566467e-23
B2M2                          0.000000e+00        6.212338e-27
CYC5H8                        4.122218e-05        8.745196e-19
LC5H8                         0.000000e+00        2.607612e-18
CYC5H7                        0.000000e+00        0.000000e+00
LC5H7                         0.000000e+00        5.828186e-18
DIALLYL                       0.000000e+00        0.000000e+00
RC6H9A                        0.000000e+00        3.743397e-41
CYC6H8                        0.000000e+00        4.303625e-18
CYC6H10                       0.000000e+00        1.316265e-16
RCYC6H9                       0.000000e+00        3.350941e-41
CYC6H12                       0.000000e+00        3.675751e-25
CYC6H11                       0.000000e+00        2.884624e-22
NC6H12                        0.000000e+00        0.000000e+00
NC7H16                        0.000000e+00        0.000000e+00
NC7H15                        0.000000e+00        0.000000e+00
NC7H14                        0.000000e+00        0.000000e+00
NC7H13                        0.000000e+00        0.000000e+00
IC8H18                        0.000000e+00        0.000000e+00
IC8H17                        0.000000e+00        0.000000e+00
IC8H16                        0.000000e+00        0.000000e+00
DIMEPTD                       0.000000e+00        1.002109e-33
C7H8                          0.000000e+00        4.890641e-13
C6H5OH                        0.000000e+00        4.423257e-13
C6H5CHO                       0.000000e+00        3.839162e-13
C6H5CO                        0.000000e+00        1.104321e-20
C7H7                          0.000000e+00        8.032892e-13
CH3C6H4                       0.000000e+00        7.802979e-16
C6H5O                         0.000000e+00        4.310611e-14
CYC6H4                        0.000000e+00        2.735209e-12
OC6H4OH                       0.000000e+00        6.803504e-13
C6H4O2                        0.000000e+00        1.259449e-08
C7H7O2                        0.000000e+00        6.060027e-18
O2C6H4CH3                     0.000000e+00        1.552627e-19
OC6H4CH2                      0.000000e+00        1.562576e-14
C6H5CH2O                      0.000000e+00        1.162916e-20
BZCOOH                        0.000000e+00        1.477816e-20
C6H5O2                        0.000000e+00        6.354222e-18
RBBENZ                        0.000000e+00        1.781793e-25
STILB                         0.000000e+00        1.710125e-21
HOC6H4CH2                     0.000000e+00        6.259392e-16
OC6H4CH3                      0.000000e+00        2.313907e-15
CRESOL                        0.000000e+00        1.857693e-14
OOC6H4OH                      0.000000e+00        1.942972e-18
C6H4OH                        0.000000e+00        1.179834e-14
CYC5H10                       0.000000e+00        6.944815e-26
RCYC5H9                       0.000000e+00        2.601242e-25
RCYC5H9O2                     0.000000e+00        1.845950e-29
C5H2                          0.000000e+00        7.126843e-11
C5H3                          0.000000e+00        6.394178e-12
CYC5H4                        0.000000e+00        5.164596e-14
C6H2                          0.000000e+00        7.973270e-14
C6H3                          0.000000e+00        2.573634e-15
LC6H4                         0.000000e+00        3.276385e-13
LC6H5                         0.000000e+00        4.515765e-20
LC6H6                         0.000000e+00        1.151714e-17
C7H6                          0.000000e+00        2.846056e-14
C7H5                          0.000000e+00        1.064678e-14
C6H5CH2OH                     0.000000e+00        7.963586e-12
C6H5C2H                       0.000000e+00        4.171346e-12
C6H5C2H3                      0.000000e+00        5.756769e-13
C6H5C2H5                      0.000000e+00        1.993851e-18
C6H5C2H2                      0.000000e+00        5.466059e-16
C6H5CHCH3                     0.000000e+00        1.126141e-16
C6H5C2H4                      0.000000e+00        9.058787e-19
C6H4C2H3                      0.000000e+00        2.677233e-16
C6H4C2H                       0.000000e+00        9.501465e-14
C8H2                          0.000000e+00        8.589912e-15
XYLENE                        0.000000e+00        1.090320e-14
RXYLENE                       0.000000e+00        2.983335e-16
INDENE                        0.000000e+00        4.910988e-14
INDENYL                       0.000000e+00        1.422096e-12
C10H7                         0.000000e+00        3.180770e-14
C10H7OH                       0.000000e+00        3.814833e-12
C10H7O                        0.000000e+00        2.148994e-13
C10H6CH3                      0.000000e+00        1.439978e-14
C10H7CH2                      0.000000e+00        1.226645e-11
C10H7CHO                      0.000000e+00        3.279265e-11
C10H7CH3                      0.000000e+00        1.919540e-11
CH3C10H6OH                    0.000000e+00        5.370527e-13
CH3C10H6O                     0.000000e+00        1.603899e-13
C12H8                         0.000000e+00        1.276623e-16
C12H7                         0.000000e+00        4.251986e-18
BIPHENYL                      0.000000e+00        1.012572e-12
C12H9                         0.000000e+00        1.964384e-18
FLUORENE                      0.000000e+00        3.095836e-13
C6H5CH2C6H5                   0.000000e+00        5.943411e-23
C14H10                        0.000000e+00        1.406981e-16
C14H9                         0.000000e+00        6.363095e-18
C16H10                        0.000000e+00        1.266705e-18
C16H9                         0.000000e+00        7.956553e-19
C6H5C2H4C6H5                  0.000000e+00        8.064233e-23
C18H10                        0.000000e+00        1.130799e-20
C18H9                         0.000000e+00        8.199219e-19
BIN1B                         0.000000e+00        7.578194e-18
BIN1A                         0.000000e+00        5.298869e-20
C18H14                        0.000000e+00        1.121641e-24
FC10H10                       0.000000e+00        1.785950e-25
FC10H10O                      0.000000e+00        2.654807e-25
C9H9                          0.000000e+00        8.011174e-17
C10H7CH2OOH                   0.000000e+00        2.011833e-19
C10H7CH2O                     0.000000e+00        4.496268e-19
C10H7CH2O2                    0.000000e+00        8.330617e-17
C10H6OH                       0.000000e+00        2.417063e-13
C10H7C2H5                     0.000000e+00        1.205203e-12
C10H7C2H4                     0.000000e+00        6.535441e-17
C10H7CHCH3                    0.000000e+00        1.981939e-08
C10H6O2                       0.000000e+00        3.889988e-13
OC10H6CH2                     0.000000e+00        2.514804e-13
HOC10H6CH2                    0.000000e+00        5.745880e-14
O2C10H6CH3                    0.000000e+00        2.473649e-18
C10H7O2                       0.000000e+00        6.328851e-18
C9H7O                         0.000000e+00        3.015182e-13
C9H7OH                        0.000000e+00        9.687278e-17
C9H6O                         0.000000e+00        1.414403e-12
C9H6OH                        0.000000e+00        6.119413e-15
CATECHOL                      0.000000e+00        3.688371e-13
GUAIACOL                      0.000000e+00        0.000000e+00
SALICALD                      0.000000e+00        7.753769e-13
VANILLIN                      0.000000e+00        2.821236e-28
C8H6O3                        0.000000e+00        0.000000e+00
C6H5OCH3                      0.000000e+00        6.062300e-21
C7H6O3                        0.000000e+00        3.453240e-14
RC7H5O3                       0.000000e+00        7.873998e-28
C24H28O4                      0.000000e+00        0.000000e+00
RSALICPH                      0.000000e+00        0.000000e+00
RGUAIPH                       0.000000e+00        0.000000e+00
C6H4OCH3                      0.000000e+00        0.000000e+00
RCATEPH                       0.000000e+00        3.464493e-18
CYC5H4CO                      0.000000e+00        2.672485e-14
RMCYC6                        0.000000e+00        0.000000e+00
MCYC6                         0.000000e+00        0.000000e+00
TMBENZ                        0.000000e+00        4.485479e-24
NPBENZ                        0.000000e+00        3.446510e-23
RC9H11                        0.000000e+00        3.157714e-25
DIBZFUR                       0.000000e+00        8.628563e-17
BZFUR                         0.000000e+00        5.323971e-13
ODECAL                        0.000000e+00        0.000000e+00
DECALIN                       0.000000e+00        0.000000e+00
TETRALIN                      0.000000e+00        3.464617e-24
DCYC5                         0.000000e+00        0.000000e+00
RTETRALIN                     0.000000e+00        9.707901e-20
RTETRAOO                      0.000000e+00        1.363526e-22
RDECALIN                      0.000000e+00        0.000000e+00
RODECA                        0.000000e+00        0.000000e+00
NC10H22                       0.000000e+00        0.000000e+00
NC10H21                       0.000000e+00        2.283800e-50
C10H10                        0.000000e+00        1.582011e-15
NC12H25                       0.000000e+00        2.451793e-50
IC16H33                       0.000000e+00        0.000000e+00
NC16H33                       0.000000e+00        9.416879e-50
NC10H19                       0.000000e+00        1.948427e-50
NC12H26                       0.000000e+00        0.000000e+00
IC16H34                       0.000000e+00        0.000000e+00
NC16H34                       0.000000e+00        8.253032e-44
NC10H20                       0.000000e+00        1.867631e-44
IC12H26                       0.000000e+00        0.000000e+00
IC12H25                       0.000000e+00        0.000000e+00
C10H16                        0.000000e+00        0.000000e+00
C10H15                        0.000000e+00        8.175260e-41
C6H5C4H9                      0.000000e+00        2.066630e-28
RC6H5C4H8                     0.000000e+00        6.971988e-30
C6H5C4H7-3                    0.000000e+00        0.000000e+00
NC3H7OH                       0.000000e+00        4.074924e-20
CH3CHCH2OH                    0.000000e+00        6.218172e-18
CH3CH2CHOH                    0.000000e+00        1.215355e-18
CH2CH2CH2OH                   0.000000e+00        3.909782e-18
CH3CH2CH2O                    0.000000e+00        1.765424e-21
IC3H7OH                       0.000000e+00        0.000000e+00
CH2CHOHCH3                    0.000000e+00        5.569992e-22
CH3COHCH3                     0.000000e+00        9.915290e-21
C3H7CHO                       0.000000e+00        4.283689e-20
RALD4X                        0.000000e+00        1.067889e-25
C3H5CHO                       0.000000e+00        6.141663e-25
IC3H5CHO                      0.000000e+00        5.239716e-13
NC4H7OH                       0.000000e+00        2.554828e-19
IC4H7OH                       0.000000e+00        1.046343e-20
IC3H7CHO                      0.000000e+00        8.744996e-22
RIBALDB                       0.000000e+00        5.866215e-20
RIBALDG                       0.000000e+00        2.143168e-23
N1C4H9OH                      0.000000e+00        3.282094e-26
CH3CH2CHCH2OH                 0.000000e+00        0.000000e+00
CH2CH2CH2CH2OH                0.000000e+00        0.000000e+00
CH3CH2CH2CH2O                 0.000000e+00        0.000000e+00
CH3CH2CH2CHOH                 0.000000e+00        0.000000e+00
CH3CHCH2CH2OH                 0.000000e+00        0.000000e+00
N2C4H9OH                      0.000000e+00        9.729818e-25
CH2CH2CHOHCH3                 0.000000e+00        0.000000e+00
CH3CH2CHOHCH2                 0.000000e+00        0.000000e+00
CH3CHCHOHCH3                  0.000000e+00        2.146006e-23
CH3CH2COHCH3                  0.000000e+00        1.213695e-27
TC4H9OH                       0.000000e+00        0.000000e+00
RTC4H8OH                      0.000000e+00        0.000000e+00
IC4H9OH                       0.000000e+00        2.701319e-24
CH3CHCH3CHOH                  0.000000e+00        9.731220e-27
CH3CCH2OHCH3                  0.000000e+00        2.862524e-25
CH2CHCH2OHCH3                 0.000000e+00        4.681993e-26
MEK                           0.000000e+00        1.411370e-20
C5H9OH                        0.000000e+00        0.000000e+00
C4H9CHO                       0.000000e+00        6.154669e-27
IC5H9OH                       0.000000e+00        0.000000e+00
IC4H9CHO                      0.000000e+00        0.000000e+00
RALD5X                        0.000000e+00        0.000000e+00
ALDC6                         0.000000e+00        4.253546e-31
RALD6X                        0.000000e+00        5.112257e-36
C5H11OH                       0.000000e+00        0.000000e+00
RPENT1OHA                     0.000000e+00        0.000000e+00
RPENT1OHB                     0.000000e+00        0.000000e+00
IC5H11OH                      0.000000e+00        0.000000e+00
RIPENTOHA                     0.000000e+00        0.000000e+00
RIPENTOHB                     0.000000e+00        0.000000e+00
C6H13OH                       0.000000e+00        1.470735e-32
RHEX1OHA                      0.000000e+00        1.640578e-34
RHEX1OHB                      0.000000e+00        2.641582e-33
NC3H7O2                       0.000000e+00        6.757059e-25
IC3H7O2                       0.000000e+00        0.000000e+00
C3H7OOH                       0.000000e+00        0.000000e+00
C3-OQOOH                      0.000000e+00        1.263750e-22
CHOCH2CHO                     0.000000e+00        7.116356e-20
CH2OHCH2CHO                   0.000000e+00        1.310357e-20
CH3CO2H                       0.000000e+00        1.411383e-16
HCO3                          0.000000e+00        1.457305e-15
HCO3H                         0.000000e+00        7.364782e-24
CH2OHCOCH3                    0.000000e+00        1.123545e-25
NC3-QOOH                      0.000000e+00        3.815638e-22
IC3-QOOH                      0.000000e+00        0.000000e+00
NC3-OOQOOH                    0.000000e+00        6.203776e-26
IC3-OOQOOH                    0.000000e+00        0.000000e+00
CH2COOH                       0.000000e+00        4.819553e-15
IC4-OQOOH                     0.000000e+00        0.000000e+00
NC4-OQOOH                     0.000000e+00        0.000000e+00
C4H9OOH                       0.000000e+00        3.289958e-34
C5EN-OQOOH-35                 0.000000e+00        0.000000e+00
NC5H10-O                      0.000000e+00        5.815661e-09
NC5-OQOOH                     0.000000e+00        0.000000e+00
NC5H11OOH                     0.000000e+00        0.000000e+00
NC4-QOOH                      0.000000e+00        1.281459e-28
NC4H9-OO                      0.000000e+00        1.139258e-26
IC4H9T-OO                     0.000000e+00        0.000000e+00
IC4T-QOOH                     0.000000e+00        0.000000e+00
IC4P-QOOH                     0.000000e+00        0.000000e+00
IC4H9P-OO                     0.000000e+00        0.000000e+00
NC4-OOQOOH                    0.000000e+00        1.018129e-32
IC4T-OOQOOH                   0.000000e+00        0.000000e+00
IC4P-OOQOOH                   0.000000e+00        0.000000e+00
C5EN-QOOH                     0.000000e+00        0.000000e+00
C5EN-OO                       0.000000e+00        0.000000e+00
C5EN-OOQOOH-35                0.000000e+00        0.000000e+00
NC5H12OO                      0.000000e+00        0.000000e+00
NC5-QOOH                      0.000000e+00        0.000000e+00
NC5-OOQOOH                    0.000000e+00        0.000000e+00
C4H6O2                        0.000000e+00        1.420916e-27
C4H8O                         0.000000e+00        1.196823e-07
C5H8O                         0.000000e+00        7.621014e-11
RNC3OHOOX                     0.000000e+00        2.241280e-21
QNC3OHOOX                     0.000000e+00        2.209224e-23
ZNC3OHOOX                     0.000000e+00        8.352359e-27
KEHYNC3OH                     0.000000e+00        2.766206e-28
C3OHCYETH                     0.000000e+00        6.854628e-10
RBU1OOX                       0.000000e+00        0.000000e+00
QBU1OOX                       0.000000e+00        0.000000e+00
ZBU1OOX                       0.000000e+00        0.000000e+00
KEHYBU1                       0.000000e+00        0.000000e+00
C4OHCYETH                     0.000000e+00        5.101362e-11
RPENT1OOX                     0.000000e+00        0.000000e+00
QPENT1OOX                     0.000000e+00        0.000000e+00
ZPENT1OOX                     0.000000e+00        0.000000e+00
KEHYP1OH                      0.000000e+00        0.000000e+00
C5OHCYETH                     0.000000e+00        4.503710e-13
RC6OHOOX                      0.000000e+00        6.425219e-37
QC6OHOOX                      0.000000e+00        1.168790e-38
ZC6OHOOX                      0.000000e+00        5.153077e-42
KEHYC6OH                      0.000000e+00        4.858050e-43
C6OHCYETH                     0.000000e+00        5.231176e-16
RALD3OO                       0.000000e+00        1.008907e-18
QALD3OO                       0.000000e+00        1.545310e-21
ZALD3OO                       0.000000e+00        2.936831e-24
ETC3H4O2                      0.000000e+00        1.499783e-08
KEA3B3L                       0.000000e+00        2.167310e-25
RALD4OOX                      0.000000e+00        1.845288e-28
QA4X                          0.000000e+00        1.468703e-30
ZA4X                          0.000000e+00        2.297165e-33
KEA4X                         0.000000e+00        3.204801e-34
ETALD4X                       0.000000e+00        2.863475e-12
CH3COCHO                      0.000000e+00        1.060954e-11
RALD5XOO                      0.000000e+00        0.000000e+00
QA5X                          0.000000e+00        0.000000e+00
ZA5X                          0.000000e+00        0.000000e+00
KEA5X                         0.000000e+00        0.000000e+00
RALD6XOO                      0.000000e+00        4.542806e-39
QA6X                          0.000000e+00        1.020719e-40
ZA6X                          0.000000e+00        1.516457e-43
KEA6X                         0.000000e+00        2.168630e-44
ETALD6X                       0.000000e+00        3.651003e-32
RIBALDGOO                     0.000000e+00        1.073163e-20
RIBALDBOO                     0.000000e+00        4.408905e-20
QIBALDG2                      0.000000e+00        1.938794e-19
QIBALDG3                      0.000000e+00        1.723811e-22
QIBALDB3                      0.000000e+00        1.059565e-19
ETIBALDGB                     0.000000e+00        6.343006e-08
ETIBALDGG                     0.000000e+00        8.599157e-11
ZIBALDG2                      0.000000e+00        4.792563e-22
ZIBALDG3                      0.000000e+00        3.146816e-25
ZIBALDB3                      0.000000e+00        2.634814e-22
KIA4G2                        0.000000e+00        8.421748e-23
C3H7COOH                      0.000000e+00        0.000000e+00
RBUTANOICA                    0.000000e+00        0.000000e+00
RBUTANOICB                    0.000000e+00        0.000000e+00
RBUTANOICC                    0.000000e+00        7.012900e-29
C4H9COOH                      0.000000e+00        3.039105e-28
RPENTANOICA                   0.000000e+00        0.000000e+00
RPENTANOICB                   0.000000e+00        0.000000e+00
RPENTANOICC                   0.000000e+00        0.000000e+00
RPENTANOICD                   0.000000e+00        0.000000e+00
C2H5CHCO                      0.000000e+00        6.011490e-31
C4H7COOH-1                    0.000000e+00        0.000000e+00
C3H5COOH-1                    0.000000e+00        1.000526e-21
C2H3COOH                      0.000000e+00        4.108247e-19
C3H7CHCO                      0.000000e+00        0.000000e+00
CH2CH2COOH                    0.000000e+00        8.428420e-25
RO2BUTANOIC                   0.000000e+00        0.000000e+00
QBUTANOIC                     0.000000e+00        0.000000e+00
ZBUTANOIC                     0.000000e+00        0.000000e+00
KBUTANOIC                     0.000000e+00        0.000000e+00
RO2PENTANOIC                  0.000000e+00        0.000000e+00
QPENTANOIC                    0.000000e+00        0.000000e+00
ZPENTANOIC                    0.000000e+00        0.000000e+00
KPENTANOIC                    0.000000e+00        0.000000e+00
ETMB583                       0.000000e+00        1.755508e-15
KEHYMB                        0.000000e+00        1.007727e-47
C7H15COCHO                    0.000000e+00        0.000000e+00
ALD9                          0.000000e+00        0.000000e+00
MEALD9                        0.000000e+00        0.000000e+00
ETEROMD                       0.000000e+00        0.000000e+00
MDKETO                        0.000000e+00        0.000000e+00
MEALDU12                      0.000000e+00        0.000000e+00
ETEROMPA                      0.000000e+00        0.000000e+00
KHMLIN1                       0.000000e+00        0.000000e+00
MLIN1OOH                      0.000000e+00        0.000000e+00
MLINOOH                       0.000000e+00        0.000000e+00
MSTEAKETO                     0.000000e+00        0.000000e+00
RMBOOX                        0.000000e+00        3.169788e-42
QMBOOX                        0.000000e+00        8.991450e-43
ZMBOOX                        0.000000e+00        6.201836e-47
QMDOOH                        0.000000e+00        0.000000e+00
RMDOOX                        0.000000e+00        0.000000e+00
ZMDOOH                        0.000000e+00        0.000000e+00
QMPAOOH                       0.000000e+00        0.000000e+00
RMPAOOX                       0.000000e+00        0.000000e+00
ZMPAOOH                       0.000000e+00        0.000000e+00
HEXENAL                       0.000000e+00        0.000000e+00
QMLIN1OOX                     0.000000e+00        0.000000e+00
RMLIN1OOX                     0.000000e+00        0.000000e+00
ZMLIN1OOX                     0.000000e+00        0.000000e+00
RMLIN1OH                      0.000000e+00        0.000000e+00
QMLINOOX                      0.000000e+00        0.000000e+00
RMLINOOX                      0.000000e+00        0.000000e+00
RMLIN1OHOO                    0.000000e+00        0.000000e+00
ZMLINOOX                      0.000000e+00        0.000000e+00
RMEOLEOOX                     0.000000e+00        0.000000e+00
QMEOLEOOH                     0.000000e+00        0.000000e+00
ZMEOLEOOX                     0.000000e+00        0.000000e+00
RMEOLEOH                      0.000000e+00        0.000000e+00
QMSTEAOOH                     0.000000e+00        0.000000e+00
RMSTEAOOX                     0.000000e+00        0.000000e+00
RMEOLEOHOO                    0.000000e+00        0.000000e+00
ZMSTEAOOH                     0.000000e+00        0.000000e+00
MACRIL                        0.000000e+00        7.837648e-23
MCROT                         0.000000e+00        0.000000e+00
MB                            0.000000e+00        0.000000e+00
ALDEST                        0.000000e+00        0.000000e+00
UME7                          0.000000e+00        0.000000e+00
UME10                         0.000000e+00        0.000000e+00
MD                            0.000000e+00        0.000000e+00
C12H18                        0.000000e+00        0.000000e+00
C12H22                        0.000000e+00        0.000000e+00
ALDINS                        0.000000e+00        0.000000e+00
U2ME12                        0.000000e+00        0.000000e+00
UME16                         0.000000e+00        0.000000e+00
MPA                           0.000000e+00        0.000000e+00
MLIN1                         0.000000e+00        0.000000e+00
MLINO                         0.000000e+00        0.000000e+00
MEOLE                         0.000000e+00        0.000000e+00
MSTEA                         0.000000e+00        0.000000e+00
RMP3                          0.000000e+00        2.980748e-35
RMCROTA                       0.000000e+00        0.000000e+00
RMBX                          0.000000e+00        5.008339e-38
RALDEST                       0.000000e+00        0.000000e+00
RUME7                         0.000000e+00        0.000000e+00
RME7                          0.000000e+00        0.000000e+00
RUME10                        0.000000e+00        0.000000e+00
RMDX                          0.000000e+00        0.000000e+00
RUME16                        0.000000e+00        0.000000e+00
RMPAX                         0.000000e+00        0.000000e+00
RMLIN1X                       0.000000e+00        0.000000e+00
RMLIN1A                       0.000000e+00        0.000000e+00
RMLINA                        0.000000e+00        0.000000e+00
RMLINX                        0.000000e+00        0.000000e+00
RMEOLES                       0.000000e+00        0.000000e+00
RMEOLEA                       0.000000e+00        0.000000e+00
RSTEAX                        0.000000e+00        0.000000e+00
MTBE                          0.000000e+00        0.000000e+00
ETBE                          0.000000e+00        0.000000e+00
DIPE                          0.000000e+00        0.000000e+00
TAME                          0.000000e+00        0.000000e+00
RMTBE                         0.000000e+00        0.000000e+00
RDIPE                         0.000000e+00        0.000000e+00
MTBE-O                        0.000000e+00        7.855141e-25
MTBE-OO                       0.000000e+00        0.000000e+00
MTBE-QOOH                     0.000000e+00        0.000000e+00
MTBE-OOQOOH                   0.000000e+00        0.000000e+00
MTBE-OQOOH                    0.000000e+00        0.000000e+00
NEOC5H10-O                    0.000000e+00        1.522690e-11
NEOC5-OQOOH                   0.000000e+00        0.000000e+00
NEOC5H11-OO                   0.000000e+00        0.000000e+00
NEOC5-QOOH                    0.000000e+00        0.000000e+00
NEOC5-OOQOOH                  0.000000e+00        0.000000e+00
CYC6-OO                       0.000000e+00        2.089440e-22
CYC6-QOOH-2                   0.000000e+00        6.191301e-22
CYC6-QOOH-3                   0.000000e+00        1.628734e-23
CYC6-QOOH-4                   0.000000e+00        1.006438e-24
CYC6H10-O-12                  0.000000e+00        2.587135e-10
CYC6H10-O-13                  0.000000e+00        6.300714e-12
CYC6H10-O-14                  0.000000e+00        1.125161e-11
CYC6H10-ONE                   0.000000e+00        4.772355e-14
C5H9CHO                       0.000000e+00        4.142892e-11
CYC6-OOQOOH-2                 0.000000e+00        1.296108e-25
CYC6-OOQOOH-3                 0.000000e+00        3.849669e-27
CYC6-OOQOOH-4                 0.000000e+00        1.427083e-28
CYC6-OQOOH-2                  0.000000e+00        9.101928e-27
CYC6-OQOOH-3                  0.000000e+00        2.597772e-27
CYC6-OQOOH-4                  0.000000e+00        1.085548e-29
C7DIONE                       0.000000e+00        5.919786e-31
NC7H14O                       0.000000e+00        2.508390e-16
NC7H15-OO                     0.000000e+00        0.000000e+00
NC7-QOOH                      0.000000e+00        0.000000e+00
NC7-OOQOOH                    0.000000e+00        0.000000e+00
C7KETONE                      0.000000e+00        3.474545e-22
NC7-OQOOH                     0.000000e+00        7.846179e-43
NC7H15OOH                     0.000000e+00        0.000000e+00
IC8H16O                       0.000000e+00        3.446423e-20
IC8H17-OO                     0.000000e+00        0.000000e+00
IC8-QOOH                      0.000000e+00        0.000000e+00
IC8T-QOOH                     0.000000e+00        0.000000e+00
IC8-OOQOOH                    0.000000e+00        0.000000e+00
IC8-OQOOH                     0.000000e+00        0.000000e+00
KHDECA                        0.000000e+00        0.000000e+00
NC10-OQOOH                    0.000000e+00        1.279194e-59
NC12-OQOOH                    0.000000e+00        1.540152e-59
NC16-OQOOH                    0.000000e+00        7.410122e-59
IC16-OQOOH                    0.000000e+00        0.000000e+00
IC12-OQOOH                    0.000000e+00        0.000000e+00
RMCYC6-OO                     0.000000e+00        0.000000e+00
MCYC6-QOOH                    0.000000e+00        0.000000e+00
MCYC6T-QOOH                   0.000000e+00        0.000000e+00
MCYC6T-OOQOOH                 0.000000e+00        0.000000e+00
MCYC6-OOQOOH                  0.000000e+00        0.000000e+00
KMCYC6                        0.000000e+00        0.000000e+00
QDECOOH                       0.000000e+00        0.000000e+00
RDECOO                        0.000000e+00        0.000000e+00
ZDECA                         0.000000e+00        0.000000e+00
DECA_ET                       0.000000e+00        0.000000e+00
NC10H21-OO                    0.000000e+00        5.908917e-54
NC10-QOOH                     0.000000e+00        2.507617e-54
NC10-OOQOOH                   0.000000e+00        1.414628e-58
RODECOO                       0.000000e+00        0.000000e+00
NC12-QOOH                     0.000000e+00        2.592875e-54
NC12H25-OO                    0.000000e+00        5.365876e-54
NC12-OOQOOH                   0.000000e+00        1.649120e-58
QODECOOH                      0.000000e+00        0.000000e+00
IC12-QOOH                     0.000000e+00        0.000000e+00
IC12H25-OO                    0.000000e+00        0.000000e+00
IC12-OOQOOH                   0.000000e+00        0.000000e+00
NC16H33-OO                    0.000000e+00        1.980914e-53
IC16H33-OO                    0.000000e+00        0.000000e+00
IC16-QOOH                     0.000000e+00        0.000000e+00
IC16T-QOOH                    0.000000e+00        0.000000e+00
NC16-QOOH                     0.000000e+00        9.415891e-54
NC16-OOQOOH                   0.000000e+00        5.639210e-58
IC16-OOQOOH                   0.000000e+00        0.000000e+00
IC16T-OOQOOH                  0.000000e+00        0.000000e+00
RC6H5C4H8OO                   0.000000e+00        2.388750e-34
QC6H5C4H8                     0.000000e+00        8.038583e-35
QC6H5C4H8OO                   0.000000e+00        6.322129e-39
KETBBZ                        0.000000e+00        1.726850e-39
CH2OHCH2OH                    0.000000e+00        4.734997e-16
GLYCEROL                      0.000000e+00        4.531038e-30
C3H4O3                        0.000000e+00        0.000000e+00
FURFURAL                      0.000000e+00        1.752072e-40
FURAN                         0.000000e+00        1.561018e-20
CH2CCHCHO                     0.000000e+00        4.843275e-23
C4H3O                         0.000000e+00        1.234818e-28
MEFU2                         0.000000e+00        7.624054e-30
DMF-3YL                       0.000000e+00        9.055872e-35
C6H10O5                       0.000000e+00        0.000000e+00
C6H8O4                        0.000000e+00        0.000000e+00
C6H6O3                        0.000000e+00        1.610135e-49
C5H8O4                        0.000000e+00        5.538256e-40
--------------------------------------------------------------

-----------------------------------------------------------------------------
Mole fractions                Initial             Final
-----------------------------------------------------------------------------
AR                            0.000000e+00        6.513293e-21
N2                            9.743385e-01        9.732054e-01
HE                            0.000000e+00        5.442237e-21
H2                            0.000000e+00        4.704420e-06
H                             0.000000e+00        1.532136e-06
O2                            2.345447e-02        9.108797e-03
O                             0.000000e+00        1.185149e-05
H2O                           0.000000e+00        6.603996e-03
OH                            0.000000e+00        4.118582e-05
H2O2                          0.000000e+00        1.441173e-08
HO2                           0.000000e+00        2.945316e-07
CO                            0.000000e+00        6.517831e-05
CO2                           0.000000e+00        1.095693e-02
HOCO                          0.000000e+00        3.589687e-12
CH4                           0.000000e+00        6.637974e-12
CH3                           0.000000e+00        2.451065e-11
CH2                           0.000000e+00        4.434983e-13
CH2(S)                        0.000000e+00        7.435809e-15
C                             0.000000e+00        2.624919e-18
CH                            0.000000e+00        4.943297e-16
CH3O2H                        0.000000e+00        7.365000e-20
CH3O2                         0.000000e+00        3.474309e-15
CH3OH                         0.000000e+00        1.066887e-11
CH3O                          0.000000e+00        1.109595e-15
CH2OH                         0.000000e+00        3.452526e-14
CH2O                          0.000000e+00        7.129096e-11
HCO                           0.000000e+00        7.536392e-13
HO2CHO                        0.000000e+00        2.632324e-18
HOCHO                         0.000000e+00        6.598511e-13
OCHO                          0.000000e+00        1.176049e-14
C2H6                          0.000000e+00        1.679195e-14
C2H5                          0.000000e+00        5.735861e-15
C2H5O2H                       0.000000e+00        1.581561e-23
C2H5O2                        0.000000e+00        2.360870e-18
C2H4                          0.000000e+00        4.332723e-11
C2H3                          0.000000e+00        5.531311e-13
C2H2                          0.000000e+00        7.797894e-10
C2H                           0.000000e+00        2.097501e-15
C2H5OH                        0.000000e+00        8.169358e-15
C2H5O                         0.000000e+00        6.603648e-22
PC2H4OH                       0.000000e+00        1.936747e-16
SC2H4OH                       0.000000e+00        3.475996e-19
C2H4O2H                       0.000000e+00        1.878358e-22
C2H4O1-2                      0.000000e+00        8.075976e-16
C2H3O1-2                      0.000000e+00        2.026174e-21
CH3CHO                        0.000000e+00        3.497206e-12
CH3CO                         0.000000e+00        7.876731e-16
CH2CHO                        0.000000e+00        1.063248e-13
CH2CO                         0.000000e+00        2.502154e-11
HCCO                          0.000000e+00        7.031662e-12
CH3CO3                        0.000000e+00        3.450043e-18
CH3CO3H                       0.000000e+00        2.579496e-26
CH2OHCHO                      0.000000e+00        1.245039e-20
CHOCHO                        0.000000e+00        5.197395e-14
O2C2H4O2H                     0.000000e+00        6.806406e-25
HO2CH2CHO                     0.000000e+00        3.632798e-25
CH3OCHO                       0.000000e+00        6.388192e-22
CH3OCO                        0.000000e+00        2.615469e-22
C3H8                          0.000000e+00        0.000000e+00
IC3H7                         0.000000e+00        0.000000e+00
NC3H7                         0.000000e+00        0.000000e+00
C3H6                          0.000000e+00        4.874844e-15
C3H5-A                        0.000000e+00        5.745804e-12
C3H5-S                        0.000000e+00        1.118268e-18
C3H5-T                        0.000000e+00        0.000000e+00
C3H5O                         0.000000e+00        7.177487e-20
C3H6O                         0.000000e+00        3.770711e-15
CH3CHCHO                      0.000000e+00        2.670032e-21
AC4H7OOH                      0.000000e+00        0.000000e+00
CH3CHCO                       0.000000e+00        1.130063e-16
AC3H5OOH                      0.000000e+00        1.140341e-20
C3H6OH1-2                     0.000000e+00        3.334668e-21
C3H6OH2-1                     0.000000e+00        8.546588e-22
HOC3H6O2                      0.000000e+00        4.670875e-26
SC3H5OH                       0.000000e+00        1.866257e-13
C3H5OH                        0.000000e+00        4.290610e-12
CH2CCH2OH                     0.000000e+00        2.586336e-18
C3H4-P                        0.000000e+00        2.769659e-12
C3H4-A                        0.000000e+00        7.291651e-12
C3H3                          0.000000e+00        3.226752e-12
C3H2                          0.000000e+00        4.086418e-14
C2H5CHO                       0.000000e+00        1.374999e-12
CH2CH2CHO                     0.000000e+00        2.399770e-21
RALD3                         0.000000e+00        1.050317e-16
C2H3CHO                       0.000000e+00        9.025690e-12
CH3COCH3                      0.000000e+00        1.480133e-13
CH3COCH2                      0.000000e+00        1.341400e-18
NC4H10                        0.000000e+00        0.000000e+00
PC4H9                         0.000000e+00        0.000000e+00
SC4H9                         0.000000e+00        2.587485e-23
IC4H10                        0.000000e+00        0.000000e+00
IC4H9                         0.000000e+00        0.000000e+00
TC4H9                         0.000000e+00        0.000000e+00
IC4H8                         0.000000e+00        0.000000e+00
IC4H7                         0.000000e+00        9.739187e-21
IC4H7O                        0.000000e+00        8.760291e-28
C4H8-1                        0.000000e+00        0.000000e+00
C4H8-2                        0.000000e+00        3.079830e-18
C4H71-3                       0.000000e+00        2.270983e-17
C4H71-4                       0.000000e+00        9.995418e-20
C4H71-O                       0.000000e+00        8.744840e-28
C4H6                          0.000000e+00        4.283765e-14
C4H5                          0.000000e+00        2.738451e-13
C4H4                          0.000000e+00        5.897848e-12
C4H3                          0.000000e+00        1.378827e-14
C4H2                          0.000000e+00        9.712985e-12
C6H6                          0.000000e+00        1.559203e-13
FULVENE                       0.000000e+00        1.890070e-14
C6H5                          0.000000e+00        1.115681e-14
C5H6                          2.190000e-03        2.199308e-14
C5H5                          0.000000e+00        1.494471e-13
C5H5CH3                       0.000000e+00        7.574207e-17
C10H8                         0.000000e+00        3.744744e-13
C5H5OH                        0.000000e+00        2.792876e-14
C5H5O                         0.000000e+00        1.643965e-15
C5H4OH                        0.000000e+00        4.908434e-14
C5H4O                         0.000000e+00        1.476043e-10
DMF                           0.000000e+00        4.733793e-29
NC5H12                        0.000000e+00        6.064755e-30
NC5H11                        0.000000e+00        0.000000e+00
NEOC5H12                      0.000000e+00        0.000000e+00
NEOC5H11                      0.000000e+00        3.660484e-34
NC5H10                        0.000000e+00        0.000000e+00
NC5H9-3                       0.000000e+00        0.000000e+00
B1M2                          0.000000e+00        0.000000e+00
B1M3                          0.000000e+00        1.833408e-23
B2M2                          0.000000e+00        2.494214e-27
CYC5H8                        1.706010e-05        3.615054e-19
LC5H8                         0.000000e+00        1.077924e-18
CYC5H7                        0.000000e+00        0.000000e+00
LC5H7                         0.000000e+00        2.445419e-18
DIALLYL                       0.000000e+00        0.000000e+00
RC6H9A                        0.000000e+00        1.299138e-41
CYC6H8                        0.000000e+00        1.512352e-18
CYC6H10                       0.000000e+00        4.512014e-17
RCYC6H9                       0.000000e+00        1.162936e-41
CYC6H12                       0.000000e+00        1.229826e-25
CYC6H11                       0.000000e+00        9.768312e-23
NC6H12                        0.000000e+00        0.000000e+00
NC7H16                        0.000000e+00        0.000000e+00
NC7H15                        0.000000e+00        0.000000e+00
NC7H14                        0.000000e+00        0.000000e+00
NC7H13                        0.000000e+00        0.000000e+00
IC8H18                        0.000000e+00        0.000000e+00
IC8H17                        0.000000e+00        0.000000e+00
IC8H16                        0.000000e+00        0.000000e+00
DIMEPTD                       0.000000e+00        2.934103e-34
C7H8                          0.000000e+00        1.494605e-13
C6H5OH                        0.000000e+00        1.323446e-13
C6H5CHO                       0.000000e+00        1.018677e-13
C6H5CO                        0.000000e+00        2.958285e-21
C7H7                          0.000000e+00        2.482046e-13
CH3C6H4                       0.000000e+00        2.411006e-16
C6H5O                         0.000000e+00        1.303705e-14
CYC6H4                        0.000000e+00        1.012117e-12
OC6H4OH                       0.000000e+00        1.755923e-13
C6H4O2                        0.000000e+00        3.280836e-09
C7H7O2                        0.000000e+00        1.385864e-18
O2C6H4CH3                     0.000000e+00        3.550694e-20
OC6H4CH2                      0.000000e+00        4.146112e-15
C6H5CH2O                      0.000000e+00        3.056629e-21
BZCOOH                        0.000000e+00        3.352166e-21
C6H5O2                        0.000000e+00        1.639967e-18
RBBENZ                        0.000000e+00        2.768048e-26
STILB                         0.000000e+00        2.671567e-22
HOC6H4CH2                     0.000000e+00        1.645229e-16
OC6H4CH3                      0.000000e+00        6.081914e-16
CRESOL                        0.000000e+00        4.837280e-15
OOC6H4OH                      0.000000e+00        4.373330e-19
C6H4OH                        0.000000e+00        3.568301e-15
CYC5H10                       0.000000e+00        2.788299e-26
RCYC5H9                       0.000000e+00        1.059611e-25
RCYC5H9O2                     0.000000e+00        5.140139e-30
C5H2                          0.000000e+00        3.233121e-11
C5H3                          0.000000e+00        2.854391e-12
CYC5H4                        0.000000e+00        2.269237e-14
C6H2                          0.000000e+00        3.030660e-14
C6H3                          0.000000e+00        9.651131e-16
LC6H4                         0.000000e+00        1.212370e-13
LC6H5                         0.000000e+00        1.649137e-20
LC6H6                         0.000000e+00        4.151731e-18
C7H6                          0.000000e+00        8.892252e-15
C7H5                          0.000000e+00        3.364117e-15
C6H5CH2OH                     0.000000e+00        2.073652e-12
C6H5C2H                       0.000000e+00        1.150035e-12
C6H5C2H3                      0.000000e+00        1.556412e-13
C6H5C2H5                      0.000000e+00        5.288257e-19
C6H5C2H2                      0.000000e+00        1.492258e-16
C6H5CHCH3                     0.000000e+00        3.015476e-17
C6H5C2H4                      0.000000e+00        2.425677e-19
C6H4C2H3                      0.000000e+00        7.308962e-17
C6H4C2H                       0.000000e+00        2.645652e-14
C8H2                          0.000000e+00        2.465560e-15
XYLENE                        0.000000e+00        2.891837e-15
RXYLENE                       0.000000e+00        7.988495e-17
INDENE                        0.000000e+00        1.190459e-14
INDENYL                       0.000000e+00        3.477440e-13
C10H7                         0.000000e+00        7.043277e-15
C10H7OH                       0.000000e+00        7.450837e-13
C10H7O                        0.000000e+00        4.226801e-14
C10H6CH3                      0.000000e+00        2.871813e-15
C10H7CH2                      0.000000e+00        2.446354e-12
C10H7CHO                      0.000000e+00        5.912259e-12
C10H7CH3                      0.000000e+00        3.801088e-12
CH3C10H6OH                    0.000000e+00        9.559253e-14
CH3C10H6O                     0.000000e+00        2.873161e-14
C12H8                         0.000000e+00        2.361962e-17
C12H7                         0.000000e+00        7.919323e-19
BIPHENYL                      0.000000e+00        1.848933e-13
C12H9                         0.000000e+00        3.610520e-19
FLUORENE                      0.000000e+00        5.244456e-14
C6H5CH2C6H5                   0.000000e+00        9.947698e-24
C14H10                        0.000000e+00        2.222855e-17
C14H9                         0.000000e+00        1.011008e-18
C16H10                        0.000000e+00        1.763550e-19
C16H9                         0.000000e+00        1.113286e-19
C6H5C2H4C6H5                  0.000000e+00        1.245865e-23
C18H10                        0.000000e+00        1.407202e-21
C18H9                         0.000000e+00        1.024903e-19
BIN1B                         0.000000e+00        8.525471e-19
BIN1A                         0.000000e+00        5.820587e-21
C18H14                        0.000000e+00        1.371370e-25
FC10H10                       0.000000e+00        3.862827e-26
FC10H10O                      0.000000e+00        5.113658e-26
C9H9                          0.000000e+00        1.925261e-17
C10H7CH2OOH                   0.000000e+00        3.252070e-20
C10H7CH2O                     0.000000e+00        8.054439e-20
C10H7CH2O2                    0.000000e+00        1.354457e-17
C10H6OH                       0.000000e+00        4.754059e-14
C10H7C2H5                     0.000000e+00        2.172274e-13
C10H7C2H4                     0.000000e+00        1.185607e-17
C10H7CHCH3                    0.000000e+00        3.595474e-09
C10H6O2                       0.000000e+00        6.925899e-14
OC10H6CH2                     0.000000e+00        4.533996e-14
HOC10H6CH2                    0.000000e+00        1.029294e-14
O2C10H6CH3                    0.000000e+00        4.021853e-19
C10H7O2                       0.000000e+00        1.119679e-18
C9H7O                         0.000000e+00        6.473595e-14
C9H7OH                        0.000000e+00        2.063995e-17
C9H6O                         0.000000e+00        3.060243e-13
C9H6OH                        0.000000e+00        1.313838e-15
CATECHOL                      0.000000e+00        9.432211e-14
GUAIACOL                      0.000000e+00        0.000000e+00
SALICALD                      0.000000e+00        1.787841e-13
VANILLIN                      0.000000e+00        5.221362e-29
C8H6O3                        0.000000e+00        0.000000e+00
C6H5OCH3                      0.000000e+00        1.578573e-21
C7H6O3                        0.000000e+00        7.040077e-15
RC7H5O3                       0.000000e+00        1.617063e-28
C24H28O4                      0.000000e+00        0.000000e+00
RSALICPH                      0.000000e+00        0.000000e+00
RGUAIPH                       0.000000e+00        0.000000e+00
C6H4OCH3                      0.000000e+00        0.000000e+00
RCATEPH                       0.000000e+00        8.941545e-19
CYC5H4CO                      0.000000e+00        8.171153e-15
RMCYC6                        0.000000e+00        0.000000e+00
MCYC6                         0.000000e+00        0.000000e+00
TMBENZ                        0.000000e+00        1.050839e-24
NPBENZ                        0.000000e+00        8.074333e-24
RC9H11                        0.000000e+00        7.460320e-26
DIBZFUR                       0.000000e+00        1.444571e-17
BZFUR                         0.000000e+00        1.269026e-13
ODECAL                        0.000000e+00        0.000000e+00
DECALIN                       0.000000e+00        0.000000e+00
TETRALIN                      0.000000e+00        7.379341e-25
DCYC5                         0.000000e+00        0.000000e+00
RTETRALIN                     0.000000e+00        2.083587e-20
RTETRAOO                      0.000000e+00        2.352704e-23
RDECALIN                      0.000000e+00        0.000000e+00
RODECA                        0.000000e+00        0.000000e+00
NC10H22                       0.000000e+00        0.000000e+00
NC10H21                       0.000000e+00        4.551946e-51
C10H10                        0.000000e+00        3.421728e-16
NC12H25                       0.000000e+00        4.077165e-51
IC16H33                       0.000000e+00        0.000000e+00
NC16H33                       0.000000e+00        1.176223e-50
NC10H19                       0.000000e+00        3.939716e-51
NC12H26                       0.000000e+00        0.000000e+00
IC16H34                       0.000000e+00        0.000000e+00
NC16H34                       0.000000e+00        1.026263e-44
NC10H20                       0.000000e+00        3.749211e-45
IC12H26                       0.000000e+00        0.000000e+00
IC12H25                       0.000000e+00        0.000000e+00
C10H16                        0.000000e+00        0.000000e+00
C10H15                        0.000000e+00        1.702323e-41
C6H5C4H9                      0.000000e+00        4.335633e-29
RC6H5C4H8                     0.000000e+00        1.473738e-30
C6H5C4H7-3                    0.000000e+00        0.000000e+00
NC3H7OH                       0.000000e+00        1.909358e-20
CH3CHCH2OH                    0.000000e+00        2.963309e-18
CH3CH2CHOH                    0.000000e+00        5.791850e-19
CH2CH2CH2OH                   0.000000e+00        1.863231e-18
CH3CH2CH2O                    0.000000e+00        8.413237e-22
IC3H7OH                       0.000000e+00        0.000000e+00
CH2CHOHCH3                    0.000000e+00        2.654415e-22
CH3COHCH3                     0.000000e+00        4.725194e-21
C3H7CHO                       0.000000e+00        1.672839e-20
RALD4X                        0.000000e+00        4.229376e-26
C3H5CHO                       0.000000e+00        2.467387e-25
IC3H5CHO                      0.000000e+00        2.105034e-13
NC4H7OH                       0.000000e+00        9.976948e-20
IC4H7OH                       0.000000e+00        4.086111e-21
IC3H7CHO                      0.000000e+00        3.415039e-22
RIBALDB                       0.000000e+00        2.323315e-20
RIBALDG                       0.000000e+00        8.488019e-24
N1C4H9OH                      0.000000e+00        1.246842e-26
CH3CH2CHCH2OH                 0.000000e+00        0.000000e+00
CH2CH2CH2CH2OH                0.000000e+00        0.000000e+00
CH3CH2CH2CH2O                 0.000000e+00        0.000000e+00
CH3CH2CH2CHOH                 0.000000e+00        0.000000e+00
CH3CHCH2CH2OH                 0.000000e+00        0.000000e+00
N2C4H9OH                      0.000000e+00        3.696283e-25
CH2CH2CHOHCH3                 0.000000e+00        0.000000e+00
CH3CH2CHOHCH2                 0.000000e+00        0.000000e+00
CH3CHCHOHCH3                  0.000000e+00        8.264907e-24
CH3CH2COHCH3                  0.000000e+00        4.674301e-28
TC4H9OH                       0.000000e+00        0.000000e+00
RTC4H8OH                      0.000000e+00        0.000000e+00
IC4H9OH                       0.000000e+00        1.026210e-24
CH3CHCH3CHOH                  0.000000e+00        3.747782e-27
CH3CCH2OHCH3                  0.000000e+00        1.102443e-25
CH2CHCH2OHCH3                 0.000000e+00        1.803175e-26
MEK                           0.000000e+00        5.511592e-21
C5H9OH                        0.000000e+00        0.000000e+00
C4H9CHO                       0.000000e+00        2.012072e-27
IC5H9OH                       0.000000e+00        0.000000e+00
IC4H9CHO                      0.000000e+00        0.000000e+00
RALD5X                        0.000000e+00        0.000000e+00
ALDC6                         0.000000e+00        1.195820e-31
RALD6X                        0.000000e+00        1.451845e-36
C5H11OH                       0.000000e+00        0.000000e+00
RPENT1OHA                     0.000000e+00        0.000000e+00
RPENT1OHB                     0.000000e+00        0.000000e+00
IC5H11OH                      0.000000e+00        0.000000e+00
RIPENTOHA                     0.000000e+00        0.000000e+00
RIPENTOHB                     0.000000e+00        0.000000e+00
C6H13OH                       0.000000e+00        4.053169e-33
RHEX1OHA                      0.000000e+00        4.566285e-35
RHEX1OHB                      0.000000e+00        7.352418e-34
NC3H7O2                       0.000000e+00        2.533999e-25
IC3H7O2                       0.000000e+00        0.000000e+00
C3H7OOH                       0.000000e+00        0.000000e+00
C3-OQOOH                      0.000000e+00        3.950537e-23
CHOCH2CHO                     0.000000e+00        2.780730e-20
CH2OHCH2CHO                   0.000000e+00        4.980904e-21
CH3CO2H                       0.000000e+00        6.618061e-17
HCO3                          0.000000e+00        6.725435e-16
HCO3H                         0.000000e+00        3.343595e-24
CH2OHCOCH3                    0.000000e+00        4.270798e-26
NC3-QOOH                      0.000000e+00        1.430922e-22
IC3-QOOH                      0.000000e+00        0.000000e+00
NC3-OOQOOH                    0.000000e+00        1.631327e-26
IC3-OOQOOH                    0.000000e+00        0.000000e+00
CH2COOH                       0.000000e+00        2.298500e-15
IC4-OQOOH                     0.000000e+00        0.000000e+00
NC4-OQOOH                     0.000000e+00        0.000000e+00
C4H9OOH                       0.000000e+00        1.027953e-34
C5EN-OQOOH-35                 0.000000e+00        0.000000e+00
NC5H10-O                      0.000000e+00        1.901245e-09
NC5-OQOOH                     0.000000e+00        0.000000e+00
NC5H11OOH                     0.000000e+00        0.000000e+00
NC4-QOOH                      0.000000e+00        4.049228e-29
NC4H9-OO                      0.000000e+00        3.599894e-27
IC4H9T-OO                     0.000000e+00        0.000000e+00
IC4T-QOOH                     0.000000e+00        0.000000e+00
IC4P-QOOH                     0.000000e+00        0.000000e+00
IC4H9P-OO                     0.000000e+00        0.000000e+00
NC4-OOQOOH                    0.000000e+00        2.367168e-33
IC4T-OOQOOH                   0.000000e+00        0.000000e+00
IC4P-OOQOOH                   0.000000e+00        0.000000e+00
C5EN-QOOH                     0.000000e+00        0.000000e+00
C5EN-OO                       0.000000e+00        0.000000e+00
C5EN-OOQOOH-35                0.000000e+00        0.000000e+00
NC5H12OO                      0.000000e+00        0.000000e+00
NC5-QOOH                      0.000000e+00        0.000000e+00
NC5-OOQOOH                    0.000000e+00        0.000000e+00
C4H6O2                        0.000000e+00        4.647604e-28
C4H8O                         0.000000e+00        4.673755e-08
C5H8O                         0.000000e+00        2.551158e-11
RNC3OHOOX                     0.000000e+00        6.928799e-22
QNC3OHOOX                     0.000000e+00        6.829701e-24
ZNC3OHOOX                     0.000000e+00        1.910826e-27
KEHYNC3OH                     0.000000e+00        7.343056e-29
C3OHCYETH                     0.000000e+00        2.605567e-10
RBU1OOX                       0.000000e+00        0.000000e+00
QBU1OOX                       0.000000e+00        0.000000e+00
ZBU1OOX                       0.000000e+00        0.000000e+00
KEHYBU1                       0.000000e+00        0.000000e+00
C4OHCYETH                     0.000000e+00        1.630400e-11
RPENT1OOX                     0.000000e+00        0.000000e+00
QPENT1OOX                     0.000000e+00        0.000000e+00
ZPENT1OOX                     0.000000e+00        0.000000e+00
KEHYP1OH                      0.000000e+00        0.000000e+00
C5OHCYETH                     0.000000e+00        1.241703e-13
RC6OHOOX                      0.000000e+00        1.358641e-37
QC6OHOOX                      0.000000e+00        2.471460e-39
ZC6OHOOX                      0.000000e+00        8.785412e-43
KEHYC6OH                      0.000000e+00        9.233160e-44
C6OHCYETH                     0.000000e+00        1.268108e-16
RALD3OO                       0.000000e+00        3.189577e-19
QALD3OO                       0.000000e+00        4.885371e-22
ZALD3OO                       0.000000e+00        6.830666e-25
ETC3H4O2                      0.000000e+00        5.860433e-09
KEA3B3L                       0.000000e+00        5.864711e-26
RALD4OOX                      0.000000e+00        5.040012e-29
QA4X                          0.000000e+00        4.011451e-31
ZA4X                          0.000000e+00        4.788135e-34
KEA4X                         0.000000e+00        7.642032e-35
ETALD4X                       0.000000e+00        9.366000e-13
CH3COCHO                      0.000000e+00        4.145699e-12
RALD5XOO                      0.000000e+00        0.000000e+00
QA5X                          0.000000e+00        0.000000e+00
ZA5X                          0.000000e+00        0.000000e+00
KEA5X                         0.000000e+00        0.000000e+00
RALD6XOO                      0.000000e+00        9.753626e-40
QA6X                          0.000000e+00        2.191534e-41
ZA6X                          0.000000e+00        2.617335e-44
KEA6X                         0.000000e+00        4.178534e-45
ETALD6X                       0.000000e+00        9.006842e-33
RIBALDGOO                     0.000000e+00        2.931116e-21
RIBALDBOO                     0.000000e+00        1.204199e-20
QIBALDG2                      0.000000e+00        5.295405e-20
QIBALDG3                      0.000000e+00        4.708223e-23
QIBALDB3                      0.000000e+00        2.893978e-20
ETIBALDGB                     0.000000e+00        2.074703e-08
ETIBALDGG                     0.000000e+00        2.812656e-11
ZIBALDG2                      0.000000e+00        9.989461e-23
ZIBALDG3                      0.000000e+00        6.559119e-26
ZIBALDB3                      0.000000e+00        5.491919e-23
KIA4G2                        0.000000e+00        2.008214e-23
C3H7COOH                      0.000000e+00        0.000000e+00
RBUTANOICA                    0.000000e+00        0.000000e+00
RBUTANOICB                    0.000000e+00        0.000000e+00
RBUTANOICC                    0.000000e+00        2.267268e-29
C4H9COOH                      0.000000e+00        8.379019e-29
RPENTANOICA                   0.000000e+00        0.000000e+00
RPENTANOICB                   0.000000e+00        0.000000e+00
RPENTANOICC                   0.000000e+00        0.000000e+00
RPENTANOICD                   0.000000e+00        0.000000e+00
C2H5CHCO                      0.000000e+00        2.415090e-31
C4H7COOH-1                    0.000000e+00        0.000000e+00
C3H5COOH-1                    0.000000e+00        3.272573e-22
C2H3COOH                      0.000000e+00        1.605305e-19
C3H7CHCO                      0.000000e+00        0.000000e+00
CH2CH2COOH                    0.000000e+00        3.247990e-25
RO2BUTANOIC                   0.000000e+00        0.000000e+00
QBUTANOIC                     0.000000e+00        0.000000e+00
ZBUTANOIC                     0.000000e+00        0.000000e+00
KBUTANOIC                     0.000000e+00        0.000000e+00
RO2PENTANOIC                  0.000000e+00        0.000000e+00
QPENTANOIC                    0.000000e+00        0.000000e+00
ZPENTANOIC                    0.000000e+00        0.000000e+00
KPENTANOIC                    0.000000e+00        0.000000e+00
ETMB583                       0.000000e+00        4.257202e-16
KEHYMB                        0.000000e+00        1.915844e-48
C7H15COCHO                    0.000000e+00        0.000000e+00
ALD9                          0.000000e+00        0.000000e+00
MEALD9                        0.000000e+00        0.000000e+00
ETEROMD                       0.000000e+00        0.000000e+00
MDKETO                        0.000000e+00        0.000000e+00
MEALDU12                      0.000000e+00        0.000000e+00
ETEROMPA                      0.000000e+00        0.000000e+00
KHMLIN1                       0.000000e+00        0.000000e+00
MLIN1OOH                      0.000000e+00        0.000000e+00
MLINOOH                       0.000000e+00        0.000000e+00
MSTEAKETO                     0.000000e+00        0.000000e+00
RMBOOX                        0.000000e+00        6.704875e-43
QMBOOX                        0.000000e+00        1.901911e-43
ZMBOOX                        0.000000e+00        1.057624e-47
QMDOOH                        0.000000e+00        0.000000e+00
RMDOOX                        0.000000e+00        0.000000e+00
ZMDOOH                        0.000000e+00        0.000000e+00
QMPAOOH                       0.000000e+00        0.000000e+00
RMPAOOX                       0.000000e+00        0.000000e+00
ZMPAOOH                       0.000000e+00        0.000000e+00
HEXENAL                       0.000000e+00        0.000000e+00
QMLIN1OOX                     0.000000e+00        0.000000e+00
RMLIN1OOX                     0.000000e+00        0.000000e+00
ZMLIN1OOX                     0.000000e+00        0.000000e+00
RMLIN1OH                      0.000000e+00        0.000000e+00
QMLINOOX                      0.000000e+00        0.000000e+00
RMLINOOX                      0.000000e+00        0.000000e+00
RMLIN1OHOO                    0.000000e+00        0.000000e+00
ZMLINOOX                      0.000000e+00        0.000000e+00
RMEOLEOOX                     0.000000e+00        0.000000e+00
QMEOLEOOH                     0.000000e+00        0.000000e+00
ZMEOLEOOX                     0.000000e+00        0.000000e+00
RMEOLEOH                      0.000000e+00        0.000000e+00
QMSTEAOOH                     0.000000e+00        0.000000e+00
RMSTEAOOX                     0.000000e+00        0.000000e+00
RMEOLEOHOO                    0.000000e+00        0.000000e+00
ZMSTEAOOH                     0.000000e+00        0.000000e+00
MACRIL                        0.000000e+00        2.563578e-23
MCROT                         0.000000e+00        0.000000e+00
MB                            0.000000e+00        0.000000e+00
ALDEST                        0.000000e+00        0.000000e+00
UME7                          0.000000e+00        0.000000e+00
UME10                         0.000000e+00        0.000000e+00
MD                            0.000000e+00        0.000000e+00
C12H18                        0.000000e+00        0.000000e+00
C12H22                        0.000000e+00        0.000000e+00
ALDINS                        0.000000e+00        0.000000e+00
U2ME12                        0.000000e+00        0.000000e+00
UME16                         0.000000e+00        0.000000e+00
MPA                           0.000000e+00        0.000000e+00
MLIN1                         0.000000e+00        0.000000e+00
MLINO                         0.000000e+00        0.000000e+00
MEOLE                         0.000000e+00        0.000000e+00
MSTEA                         0.000000e+00        0.000000e+00
RMP3                          0.000000e+00        9.636749e-36
RMCROTA                       0.000000e+00        0.000000e+00
RMBX                          0.000000e+00        1.394597e-38
RALDEST                       0.000000e+00        0.000000e+00
RUME7                         0.000000e+00        0.000000e+00
RME7                          0.000000e+00        0.000000e+00
RUME10                        0.000000e+00        0.000000e+00
RMDX                          0.000000e+00        0.000000e+00
RUME16                        0.000000e+00        0.000000e+00
RMPAX                         0.000000e+00        0.000000e+00
RMLIN1X                       0.000000e+00        0.000000e+00
RMLIN1A                       0.000000e+00        0.000000e+00
RMLINA                        0.000000e+00        0.000000e+00
RMLINX                        0.000000e+00        0.000000e+00
RMEOLES                       0.000000e+00        0.000000e+00
RMEOLEA                       0.000000e+00        0.000000e+00
RSTEAX                        0.000000e+00        0.000000e+00
MTBE                          0.000000e+00        0.000000e+00
ETBE                          0.000000e+00        0.000000e+00
DIPE                          0.000000e+00        0.000000e+00
TAME                          0.000000e+00        0.000000e+00
RMTBE                         0.000000e+00        0.000000e+00
RDIPE                         0.000000e+00        0.000000e+00
MTBE-O                        0.000000e+00        2.165716e-25
MTBE-OO                       0.000000e+00        0.000000e+00
MTBE-QOOH                     0.000000e+00        0.000000e+00
MTBE-OOQOOH                   0.000000e+00        0.000000e+00
MTBE-OQOOH                    0.000000e+00        0.000000e+00
NEOC5H10-O                    0.000000e+00        4.977947e-12
NEOC5-OQOOH                   0.000000e+00        0.000000e+00
NEOC5H11-OO                   0.000000e+00        0.000000e+00
NEOC5-QOOH                    0.000000e+00        0.000000e+00
NEOC5-OOQOOH                  0.000000e+00        0.000000e+00
CYC6-OO                       0.000000e+00        5.109424e-23
CYC6-QOOH-2                   0.000000e+00        1.513993e-22
CYC6-QOOH-3                   0.000000e+00        3.982834e-24
CYC6-QOOH-4                   0.000000e+00        2.461099e-25
CYC6H10-O-12                  0.000000e+00        7.422744e-11
CYC6H10-O-13                  0.000000e+00        1.807737e-12
CYC6H10-O-14                  0.000000e+00        3.228196e-12
CYC6H10-ONE                   0.000000e+00        1.369235e-14
C5H9CHO                       0.000000e+00        1.188636e-11
CYC6-OOQOOH-2                 0.000000e+00        2.480245e-26
CYC6-OOQOOH-3                 0.000000e+00        7.366761e-28
CYC6-OOQOOH-4                 0.000000e+00        2.730879e-29
CYC6-OQOOH-2                  0.000000e+00        1.969364e-27
CYC6-OQOOH-3                  0.000000e+00        5.620743e-28
CYC6-OQOOH-4                  0.000000e+00        2.348777e-30
C7DIONE                       0.000000e+00        1.300558e-31
NC7H14O                       0.000000e+00        6.185689e-17
NC7H15-OO                     0.000000e+00        0.000000e+00
NC7-QOOH                      0.000000e+00        0.000000e+00
NC7-OOQOOH                    0.000000e+00        0.000000e+00
C7KETONE                      0.000000e+00        8.568227e-23
NC7-OQOOH                     0.000000e+00        1.511353e-43
NC7H15OOH                     0.000000e+00        0.000000e+00
IC8H16O                       0.000000e+00        7.569083e-21
IC8H17-OO                     0.000000e+00        0.000000e+00
IC8-QOOH                      0.000000e+00        0.000000e+00
IC8T-QOOH                     0.000000e+00        0.000000e+00
IC8-OOQOOH                    0.000000e+00        0.000000e+00
IC8-OQOOH                     0.000000e+00        0.000000e+00
KHDECA                        0.000000e+00        0.000000e+00
NC10-OQOOH                    0.000000e+00        1.913267e-60
NC12-OQOOH                    0.000000e+00        2.004834e-60
NC16-OQOOH                    0.000000e+00        7.659237e-60
IC16-OQOOH                    0.000000e+00        0.000000e+00
IC12-OQOOH                    0.000000e+00        0.000000e+00
RMCYC6-OO                     0.000000e+00        0.000000e+00
MCYC6-QOOH                    0.000000e+00        0.000000e+00
MCYC6T-QOOH                   0.000000e+00        0.000000e+00
MCYC6T-OOQOOH                 0.000000e+00        0.000000e+00
MCYC6-OOQOOH                  0.000000e+00        0.000000e+00
KMCYC6                        0.000000e+00        0.000000e+00
QDECOOH                       0.000000e+00        0.000000e+00
RDECOO                        0.000000e+00        0.000000e+00
ZDECA                         0.000000e+00        0.000000e+00
DECA_ET                       0.000000e+00        0.000000e+00
NC10H21-OO                    0.000000e+00        9.602471e-55
NC10-QOOH                     0.000000e+00        4.075081e-55
NC10-OOQOOH                   0.000000e+00        1.940537e-59
RODECOO                       0.000000e+00        0.000000e+00
NC12-QOOH                     0.000000e+00        3.626491e-55
NC12H25-OO                    0.000000e+00        7.504913e-55
NC12-OOQOOH                   0.000000e+00        1.990210e-59
QODECOOH                      0.000000e+00        0.000000e+00
IC12-QOOH                     0.000000e+00        0.000000e+00
IC12H25-OO                    0.000000e+00        0.000000e+00
IC12-OOQOOH                   0.000000e+00        0.000000e+00
NC16H33-OO                    0.000000e+00        2.166738e-54
IC16H33-OO                    0.000000e+00        0.000000e+00
IC16-QOOH                     0.000000e+00        0.000000e+00
IC16T-QOOH                    0.000000e+00        0.000000e+00
NC16-QOOH                     0.000000e+00        1.029917e-54
NC16-OOQOOH                   0.000000e+00        5.486296e-59
IC16-OOQOOH                   0.000000e+00        0.000000e+00
IC16T-OOQOOH                  0.000000e+00        0.000000e+00
RC6H5C4H8OO                   0.000000e+00        4.071389e-35
QC6H5C4H8                     0.000000e+00        1.370097e-35
QC6H5C4H8OO                   0.000000e+00        9.027093e-40
KETBBZ                        0.000000e+00        2.698399e-40
CH2OHCH2OH                    0.000000e+00        2.148154e-16
GLYCEROL                      0.000000e+00        1.385415e-30
C3H4O3                        0.000000e+00        0.000000e+00
FURFURAL                      0.000000e+00        5.134637e-41
FURAN                         0.000000e+00        6.457042e-21
CH2CCHCHO                     0.000000e+00        2.003388e-23
C4H3O                         0.000000e+00        5.184508e-29
MEFU2                         0.000000e+00        2.614844e-30
DMF-3YL                       0.000000e+00        2.680818e-35
C6H10O5                       0.000000e+00        0.000000e+00
C6H8O4                        0.000000e+00        0.000000e+00
C6H6O3                        0.000000e+00        3.595198e-50
C5H8O4                        0.000000e+00        1.180414e-40
-----------------------------------------------------------------------------
